TN:
SF:src/api/itemsAPI.js
FN:3,(anonymous_0)
FN:9,(anonymous_1)
FN:19,(anonymous_2)
FN:23,(anonymous_3)
FN:33,(anonymous_4)
FN:35,(anonymous_5)
FN:47,(anonymous_6)
FN:49,(anonymous_7)
FN:59,(anonymous_8)
FN:65,(anonymous_9)
FNF:10
FNH:10
FNDA:2,(anonymous_0)
FNDA:2,(anonymous_1)
FNDA:2,(anonymous_2)
FNDA:2,(anonymous_3)
FNDA:2,(anonymous_4)
FNDA:2,(anonymous_5)
FNDA:2,(anonymous_6)
FNDA:2,(anonymous_7)
FNDA:2,(anonymous_8)
FNDA:2,(anonymous_9)
DA:1,1
DA:3,1
DA:4,2
DA:5,2
DA:9,2
DA:10,2
DA:11,1
DA:13,1
DA:15,1
DA:19,1
DA:20,2
DA:21,2
DA:23,2
DA:24,2
DA:25,1
DA:27,1
DA:29,1
DA:33,1
DA:34,2
DA:35,2
DA:36,2
DA:38,2
DA:39,1
DA:41,1
DA:43,1
DA:47,1
DA:48,2
DA:49,2
DA:50,2
DA:51,1
DA:53,1
DA:55,1
DA:59,1
DA:60,2
DA:61,2
DA:65,2
DA:66,2
DA:67,1
DA:69,1
DA:71,1
LF:40
LH:40
BRDA:10,0,0,1
BRDA:10,0,1,1
BRDA:24,1,0,1
BRDA:24,1,1,1
BRDA:38,2,0,1
BRDA:38,2,1,1
BRDA:50,3,0,1
BRDA:50,3,1,1
BRDA:66,4,0,1
BRDA:66,4,1,1
BRF:10
BRH:10
end_of_record
TN:
SF:src/state/actions/itemsActionTypes.js
FNF:0
FNH:0
DA:1,1
DA:2,1
DA:3,1
DA:4,1
DA:5,1
LF:5
LH:5
BRF:0
BRH:0
end_of_record
TN:
SF:src/state/reducers/combineReducers.js
FN:1,(anonymous_0)
FN:1,(anonymous_1)
FN:3,(anonymous_2)
FNF:3
FNH:1
FNDA:1,(anonymous_0)
FNDA:0,(anonymous_1)
FNDA:0,(anonymous_2)
DA:1,1
DA:2,0
DA:3,0
LF:3
LH:1
BRF:0
BRH:0
end_of_record
TN:
SF:src/state/reducers/itemsReducer.js
FN:6,(anonymous_0)
FN:17,(anonymous_1)
FN:26,(anonymous_2)
FNF:3
FNH:1
FNDA:4,(anonymous_0)
FNDA:0,(anonymous_1)
FNDA:0,(anonymous_2)
DA:3,1
DA:6,1
DA:7,4
DA:9,1
DA:12,0
DA:15,0
DA:17,0
DA:21,0
DA:24,0
DA:27,0
DA:32,2
LF:11
LH:5
BRDA:6,0,0,1
BRDA:7,1,0,1
BRDA:7,1,1,0
BRDA:7,1,2,0
BRDA:7,1,3,0
BRDA:7,1,4,0
BRDA:7,1,5,2
BRDA:27,2,0,0
BRDA:27,2,1,0
BRF:9
BRH:3
end_of_record
